Using pre-set license
Built from '2022.3/staging' branch; Version is '2022.3.14f1 (eff2de9070d8) revision 15725278'; Using compiler version '192829333'; Build Type 'Release'
OS: 'Windows 10  (10.0.19045) 64bit Education' Language: 'ko' Physical Memory: 16297 MB
BatchMode: 1, IsHumanControllingUs: 0, StartBugReporterOnCrash: 0, Is64bit: 1, IsPro: 1

COMMAND LINE ARGUMENTS:
C:\Program Files\Unity\Hub\Editor\2022.3.14f1\Editor\Unity.exe
-adb2
-batchMode
-noUpm
-name
AssetImportWorker3
-projectPath
C:/Users/Administrator/Desktop/theRunner/Game
-logFile
Logs/AssetImportWorker3.log
-srvPort
50486
Successfully changed project path to: C:/Users/Administrator/Desktop/theRunner/Game
C:/Users/Administrator/Desktop/theRunner/Game
[UnityMemory] Configuration Parameters - Can be set up in boot.config
    "memorysetup-bucket-allocator-granularity=16"
    "memorysetup-bucket-allocator-bucket-count=8"
    "memorysetup-bucket-allocator-block-size=33554432"
    "memorysetup-bucket-allocator-block-count=8"
    "memorysetup-main-allocator-block-size=16777216"
    "memorysetup-thread-allocator-block-size=16777216"
    "memorysetup-gfx-main-allocator-block-size=16777216"
    "memorysetup-gfx-thread-allocator-block-size=16777216"
    "memorysetup-cache-allocator-block-size=4194304"
    "memorysetup-typetree-allocator-block-size=2097152"
    "memorysetup-profiler-bucket-allocator-granularity=16"
    "memorysetup-profiler-bucket-allocator-bucket-count=8"
    "memorysetup-profiler-bucket-allocator-block-size=33554432"
    "memorysetup-profiler-bucket-allocator-block-count=8"
    "memorysetup-profiler-allocator-block-size=16777216"
    "memorysetup-profiler-editor-allocator-block-size=1048576"
    "memorysetup-temp-allocator-size-main=16777216"
    "memorysetup-job-temp-allocator-block-size=2097152"
    "memorysetup-job-temp-allocator-block-size-background=1048576"
    "memorysetup-job-temp-allocator-reduction-small-platforms=262144"
    "memorysetup-allocator-temp-initial-block-size-main=262144"
    "memorysetup-allocator-temp-initial-block-size-worker=262144"
    "memorysetup-temp-allocator-size-background-worker=32768"
    "memorysetup-temp-allocator-size-job-worker=262144"
    "memorysetup-temp-allocator-size-preload-manager=33554432"
    "memorysetup-temp-allocator-size-nav-mesh-worker=65536"
    "memorysetup-temp-allocator-size-audio-worker=65536"
    "memorysetup-temp-allocator-size-cloud-worker=32768"
    "memorysetup-temp-allocator-size-gi-baking-worker=262144"
    "memorysetup-temp-allocator-size-gfx=262144"
Player connection [4984] Host "[IP] 192.168.0.219 [Port] 0 [Flags] 2 [Guid] 759146899 [EditorId] 759146899 [Version] 1048832 [Id] WindowsEditor(7,I-09) [Debug] 1 [PackageName] WindowsEditor [ProjectName] Editor" joined multi-casting on [225.0.0.222:54997]...

Player connection [4984] Host "[IP] 192.168.0.219 [Port] 0 [Flags] 2 [Guid] 759146899 [EditorId] 759146899 [Version] 1048832 [Id] WindowsEditor(7,I-09) [Debug] 1 [PackageName] WindowsEditor [ProjectName] Editor" joined alternative multi-casting on [225.0.0.222:34997]...

[Physics::Module] Initialized MultithreadedJobDispatcher with 15 workers.
Refreshing native plugins compatible for Editor in 5.02 ms, found 3 plugins.
Preloading 0 native plugins for Editor in 0.00 ms.
Initialize engine version: 2022.3.14f1 (eff2de9070d8)
[Subsystems] Discovering subsystems at path C:/Program Files/Unity/Hub/Editor/2022.3.14f1/Editor/Data/Resources/UnitySubsystems
[Subsystems] Discovering subsystems at path C:/Users/Administrator/Desktop/theRunner/Game/Assets
GfxDevice: creating device client; threaded=0; jobified=0
Direct3D:
    Version:  Direct3D 11.0 [level 11.1]
    Renderer: NVIDIA GeForce GTX 1660 (ID=0x2184)
    Vendor:   NVIDIA
    VRAM:     5980 MB
    Driver:   31.0.15.3623
Initialize mono
Mono path[0] = 'C:/Program Files/Unity/Hub/Editor/2022.3.14f1/Editor/Data/Managed'
Mono path[1] = 'C:/Program Files/Unity/Hub/Editor/2022.3.14f1/Editor/Data/MonoBleedingEdge/lib/mono/unityjit-win32'
Mono config path = 'C:/Program Files/Unity/Hub/Editor/2022.3.14f1/Editor/Data/MonoBleedingEdge/etc'
Using monoOptions --debugger-agent=transport=dt_socket,embedding=1,server=y,suspend=n,address=127.0.0.1:56376
Begin MonoManager ReloadAssembly
Registering precompiled unity dll's ...
Register platform support module: C:/Program Files/Unity/Hub/Editor/2022.3.14f1/Editor/Data/PlaybackEngines/WindowsStandaloneSupport/UnityEditor.WindowsStandalone.Extensions.dll
Registered in 0.004475 seconds.
- Loaded All Assemblies, in  0.306 seconds
Native extension for WindowsStandalone target not found
Mono: successfully reloaded assembly
- Finished resetting the current domain, in  0.241 seconds
Domain Reload Profiling: 547ms
	BeginReloadAssembly (95ms)
		ExecutionOrderSort (0ms)
		DisableScriptedObjects (0ms)
		BackupInstance (0ms)
		ReleaseScriptingObjects (0ms)
		CreateAndSetChildDomain (1ms)
	RebuildCommonClasses (29ms)
	RebuildNativeTypeToScriptingClass (10ms)
	initialDomainReloadingComplete (45ms)
	LoadAllAssembliesAndSetupDomain (126ms)
		LoadAssemblies (94ms)
		RebuildTransferFunctionScriptingTraits (0ms)
		AnalyzeDomain (124ms)
			TypeCache.Refresh (123ms)
				TypeCache.ScanAssembly (109ms)
			ScanForSourceGeneratedMonoScriptInfo (0ms)
			ResolveRequiredComponents (0ms)
	FinalizeReload (242ms)
		ReleaseScriptCaches (0ms)
		RebuildScriptCaches (0ms)
		SetupLoadedEditorAssemblies (188ms)
			LogAssemblyErrors (0ms)
			InitializePlatformSupportModulesInManaged (7ms)
			SetLoadedEditorAssemblies (7ms)
			RefreshPlugins (0ms)
			BeforeProcessingInitializeOnLoad (2ms)
			ProcessInitializeOnLoadAttributes (124ms)
			ProcessInitializeOnLoadMethodAttributes (49ms)
			AfterProcessingInitializeOnLoad (0ms)
			EditorAssembliesLoaded (0ms)
		ExecutionOrderSort2 (0ms)
		AwakeInstancesAfterBackupRestoration (0ms)
========================================================================
Worker process is ready to serve import requests
Begin MonoManager ReloadAssembly
- Loaded All Assemblies, in  0.618 seconds
Refreshing native plugins compatible for Editor in 1.77 ms, found 3 plugins.
Native extension for WindowsStandalone target not found
Mono: successfully reloaded assembly
- Finished resetting the current domain, in  0.721 seconds
Domain Reload Profiling: 1339ms
	BeginReloadAssembly (141ms)
		ExecutionOrderSort (0ms)
		DisableScriptedObjects (5ms)
		BackupInstance (0ms)
		ReleaseScriptingObjects (0ms)
		CreateAndSetChildDomain (22ms)
	RebuildCommonClasses (35ms)
	RebuildNativeTypeToScriptingClass (11ms)
	initialDomainReloadingComplete (33ms)
	LoadAllAssembliesAndSetupDomain (398ms)
		LoadAssemblies (267ms)
		RebuildTransferFunctionScriptingTraits (0ms)
		AnalyzeDomain (214ms)
			TypeCache.Refresh (189ms)
				TypeCache.ScanAssembly (163ms)
			ScanForSourceGeneratedMonoScriptInfo (19ms)
			ResolveRequiredComponents (5ms)
	FinalizeReload (722ms)
		ReleaseScriptCaches (0ms)
		RebuildScriptCaches (0ms)
		SetupLoadedEditorAssemblies (569ms)
			LogAssemblyErrors (0ms)
			InitializePlatformSupportModulesInManaged (6ms)
			SetLoadedEditorAssemblies (5ms)
			RefreshPlugins (0ms)
			BeforeProcessingInitializeOnLoad (53ms)
			ProcessInitializeOnLoadAttributes (475ms)
			ProcessInitializeOnLoadMethodAttributes (27ms)
			AfterProcessingInitializeOnLoad (3ms)
			EditorAssembliesLoaded (0ms)
		ExecutionOrderSort2 (0ms)
		AwakeInstancesAfterBackupRestoration (6ms)
Launched and connected shader compiler UnityShaderCompiler.exe after 0.03 seconds
Refreshing native plugins compatible for Editor in 2.11 ms, found 3 plugins.
Preloading 0 native plugins for Editor in 0.00 ms.
Unloading 3127 Unused Serialized files (Serialized files now loaded: 0)
Unloading 30 unused Assets / (56.8 KB). Loaded Objects now: 3589.
Memory consumption went from 127.9 MB to 127.8 MB.
Total: 4.355400 ms (FindLiveObjects: 0.399700 ms CreateObjectMapping: 0.355100 ms MarkObjects: 3.315200 ms  DeleteObjects: 0.284100 ms)

AssetImportParameters requested are different than current active one (requested -> active):
  custom:container-demuxer-ogg: 62fdf1f143b41e24485cea50d1cbac27 -> 
  custom:video-decoder-ogg-theora: a1e56fd34408186e4bbccfd4996cb3dc -> 
  custom:framework-win-MediaFoundation: 216162199b28c13a410421893ffa2e32 -> 
  custom:container-demuxer-webm: 4f35f7cbe854078d1ac9338744f61a02 -> 
  custom:container-muxer-webm: aa71ff27fc2769a1b78a27578f13a17b -> 
  custom:video-decoder-webm-vp8: 9c59270c3fd7afecdb556c50c9e8de78 -> 
  custom:AudioImporter_EditorPlatform: d09bf68614088b80899f8185d706f6e7 -> 
  custom:video-encoder-webm-vp8: eb34c28f22e8b96e1ab97ce403110664 -> 
  custom:audio-decoder-ogg-vorbis: bf7c407c2cedff20999df2af8eb42d56 -> 
  custom:audio-encoder-webm-vorbis: bf7c407c2cedff20999df2af8eb42d56 -> 
========================================================================
Received Prepare
Refreshing native plugins compatible for Editor in 2.34 ms, found 3 plugins.
Preloading 0 native plugins for Editor in 0.00 ms.
Unloading 1 Unused Serialized files (Serialized files now loaded: 0)
Unloading 1 unused Assets / (3.0 KB). Loaded Objects now: 3589.
Memory consumption went from 78.8 MB to 78.8 MB.
Total: 3.816900 ms (FindLiveObjects: 0.366100 ms CreateObjectMapping: 0.323200 ms MarkObjects: 3.097200 ms  DeleteObjects: 0.029200 ms)

Prepare: number of updated asset objects reloaded= 0
AssetImportParameters requested are different than current active one (requested -> active):
  custom:container-demuxer-ogg: 62fdf1f143b41e24485cea50d1cbac27 -> 
  custom:video-decoder-ogg-theora: a1e56fd34408186e4bbccfd4996cb3dc -> 
  custom:framework-win-MediaFoundation: 216162199b28c13a410421893ffa2e32 -> 
  custom:CustomObjectIndexerAttribute: 756ad292c208cfabdd7b50bc23989ffe -> 
  custom:container-demuxer-webm: 4f35f7cbe854078d1ac9338744f61a02 -> 
  custom:container-muxer-webm: aa71ff27fc2769a1b78a27578f13a17b -> 
  custom:video-decoder-webm-vp8: 9c59270c3fd7afecdb556c50c9e8de78 -> 
  custom:SearchIndexIgnoredProperties: e643bd26f0fe6173181afceb89e7c659 -> 
  custom:AudioImporter_EditorPlatform: d09bf68614088b80899f8185d706f6e7 -> 
  custom:video-encoder-webm-vp8: eb34c28f22e8b96e1ab97ce403110664 -> 
  custom:audio-decoder-ogg-vorbis: bf7c407c2cedff20999df2af8eb42d56 -> 
  custom:audio-encoder-webm-vorbis: bf7c407c2cedff20999df2af8eb42d56 -> 
========================================================================
Received Import Request.
  Time since last request: 360.679704 seconds.
  path: Assets/Low Poly Assets/Models/Vehicle_SUV.fbx
  artifactKey: Guid(c887da5f6e3230f4aa38afe5e8e30387) Importer(815301076,1909f56bfc062723c751e8b465ee728b)
Start importing Assets/Low Poly Assets/Models/Vehicle_SUV.fbx using Guid(c887da5f6e3230f4aa38afe5e8e30387) Importer(815301076,1909f56bfc062723c751e8b465ee728b)  -> (artifact id: '4efb142f8d1940a3cd67a44a30efcf59') in 0.106835 seconds
Number of updated asset objects reloaded before import = 0
Number of asset objects unloaded after import = 9
========================================================================
Received Import Request.
  Time since last request: 0.000018 seconds.
  path: Assets/Low Poly Assets/Models/Road T_Intersection_02.fbx
  artifactKey: Guid(a6fe5bcbc6a87fb41af9ba32e09b0cda) Importer(815301076,1909f56bfc062723c751e8b465ee728b)
Start importing Assets/Low Poly Assets/Models/Road T_Intersection_02.fbx using Guid(a6fe5bcbc6a87fb41af9ba32e09b0cda) Importer(815301076,1909f56bfc062723c751e8b465ee728b)  -> (artifact id: 'd8bc78c56c6fc19be5b53a6a9117ff76') in 0.009548 seconds
Number of updated asset objects reloaded before import = 0
Number of asset objects unloaded after import = 9
========================================================================
Received Import Request.
  Time since last request: 0.000023 seconds.
  path: Assets/Low Poly Assets/Models/Vehicle_Ambulance_separate.fbx
  artifactKey: Guid(1acbee872179ec040aac4503ec160fd9) Importer(815301076,1909f56bfc062723c751e8b465ee728b)
Start importing Assets/Low Poly Assets/Models/Vehicle_Ambulance_separate.fbx using Guid(1acbee872179ec040aac4503ec160fd9) Importer(815301076,1909f56bfc062723c751e8b465ee728b)  -> (artifact id: 'e8aa82394013c2edabd54ca4e96b1910') in 0.042368 seconds
Number of updated asset objects reloaded before import = 0
Number of asset objects unloaded after import = 31
========================================================================
Received Import Request.
  Time since last request: 0.000014 seconds.
  path: Assets/Low Poly Assets/Models/Road Lane_03.fbx
  artifactKey: Guid(ea4072799b7e8ef4d84f4a2cd70bb115) Importer(815301076,1909f56bfc062723c751e8b465ee728b)
Start importing Assets/Low Poly Assets/Models/Road Lane_03.fbx using Guid(ea4072799b7e8ef4d84f4a2cd70bb115) Importer(815301076,1909f56bfc062723c751e8b465ee728b)  -> (artifact id: 'd00b7084928750deb9d35ce89ff1a75b') in 0.008024 seconds
Number of updated asset objects reloaded before import = 0
Number of asset objects unloaded after import = 9
========================================================================
Received Import Request.
  Time since last request: 0.000014 seconds.
  path: Assets/Low Poly Assets/Models/Vehicle_Police Car.fbx
  artifactKey: Guid(c89ff10cad1be9a4e83cf49bf466e148) Importer(815301076,1909f56bfc062723c751e8b465ee728b)
Start importing Assets/Low Poly Assets/Models/Vehicle_Police Car.fbx using Guid(c89ff10cad1be9a4e83cf49bf466e148) Importer(815301076,1909f56bfc062723c751e8b465ee728b)  -> (artifact id: '0ec8a3e474444ba4f992305e668002dc') in 0.008608 seconds
Number of updated asset objects reloaded before import = 0
Number of asset objects unloaded after import = 9
========================================================================
Received Import Request.
  Time since last request: 0.000017 seconds.
  path: Assets/Low Poly Assets/Models/Vehicle_Car_separate.fbx
  artifactKey: Guid(62742ca8cd0c30a44b9301b3fae00884) Importer(815301076,1909f56bfc062723c751e8b465ee728b)
Start importing Assets/Low Poly Assets/Models/Vehicle_Car_separate.fbx using Guid(62742ca8cd0c30a44b9301b3fae00884) Importer(815301076,1909f56bfc062723c751e8b465ee728b)  -> (artifact id: '0458f2cc667e2ef499291c368e8e643f') in 0.034643 seconds
Number of updated asset objects reloaded before import = 0
Number of asset objects unloaded after import = 31
========================================================================
Received Import Request.
  Time since last request: 0.000012 seconds.
  path: Assets/Low Poly Assets/Models/Vehicle_Pick up Truck.fbx
  artifactKey: Guid(6780ac7fd67c9ab43aebe63ff3fb60aa) Importer(815301076,1909f56bfc062723c751e8b465ee728b)
Start importing Assets/Low Poly Assets/Models/Vehicle_Pick up Truck.fbx using Guid(6780ac7fd67c9ab43aebe63ff3fb60aa) Importer(815301076,1909f56bfc062723c751e8b465ee728b)  -> (artifact id: '412f509d346c42169483b372e10ac198') in 0.010276 seconds
Number of updated asset objects reloaded before import = 0
Number of asset objects unloaded after import = 9
========================================================================
Received Import Request.
  Time since last request: 0.000019 seconds.
  path: Assets/Low Poly Assets/Models/Road Lane Half.fbx
  artifactKey: Guid(036c334cb6a05bd4fad2a33b9e2ea03b) Importer(815301076,1909f56bfc062723c751e8b465ee728b)
Start importing Assets/Low Poly Assets/Models/Road Lane Half.fbx using Guid(036c334cb6a05bd4fad2a33b9e2ea03b) Importer(815301076,1909f56bfc062723c751e8b465ee728b)  -> (artifact id: '353b763df9d762c25c1a811d9f4589e2') in 0.008865 seconds
Number of updated asset objects reloaded before import = 0
Number of asset objects unloaded after import = 9
========================================================================
Received Import Request.
  Time since last request: 0.000018 seconds.
  path: Assets/Low Poly Assets/Models/Road Corner_02.fbx
  artifactKey: Guid(b38a4b1b87a3b81429916ae40f4a3f6f) Importer(815301076,1909f56bfc062723c751e8b465ee728b)
Start importing Assets/Low Poly Assets/Models/Road Corner_02.fbx using Guid(b38a4b1b87a3b81429916ae40f4a3f6f) Importer(815301076,1909f56bfc062723c751e8b465ee728b)  -> (artifact id: '9e15b0195ce03d5a236f4c9a1536318c') in 0.008538 seconds
Number of updated asset objects reloaded before import = 0
Number of asset objects unloaded after import = 9
========================================================================
Received Import Request.
  Time since last request: 0.000018 seconds.
  path: Assets/Low Poly Assets/Models/Road Lane_01.fbx
  artifactKey: Guid(e3c71c50de390ec4190b877211ba0717) Importer(815301076,1909f56bfc062723c751e8b465ee728b)
Start importing Assets/Low Poly Assets/Models/Road Lane_01.fbx using Guid(e3c71c50de390ec4190b877211ba0717) Importer(815301076,1909f56bfc062723c751e8b465ee728b)  -> (artifact id: '228185b92fc6c9010ac4e8ec69232435') in 0.009097 seconds
Number of updated asset objects reloaded before import = 0
Number of asset objects unloaded after import = 9
========================================================================
Received Import Request.
  Time since last request: 0.000024 seconds.
  path: Assets/Low Poly Assets/Models/Road Concrete Tile Small.fbx
  artifactKey: Guid(d4f2e69b8ed6aed4885772810d0f4a20) Importer(815301076,1909f56bfc062723c751e8b465ee728b)
Start importing Assets/Low Poly Assets/Models/Road Concrete Tile Small.fbx using Guid(d4f2e69b8ed6aed4885772810d0f4a20) Importer(815301076,1909f56bfc062723c751e8b465ee728b)  -> (artifact id: '051feded9d02d45a44272f06ce8e8cc9') in 0.008181 seconds
Number of updated asset objects reloaded before import = 0
Number of asset objects unloaded after import = 9
========================================================================
Received Import Request.
  Time since last request: 0.000017 seconds.
  path: Assets/Low Poly Assets/Models/Vehicle_Police Car_separate.fbx
  artifactKey: Guid(9cfaa27d2ed0cb5489d16d0b33a850bb) Importer(815301076,1909f56bfc062723c751e8b465ee728b)
Start importing Assets/Low Poly Assets/Models/Vehicle_Police Car_separate.fbx using Guid(9cfaa27d2ed0cb5489d16d0b33a850bb) Importer(815301076,1909f56bfc062723c751e8b465ee728b)  -> (artifact id: '5395771d637192d0196d70fd53f0671e') in 0.035646 seconds
Number of updated asset objects reloaded before import = 0
Number of asset objects unloaded after import = 31
========================================================================
Received Import Request.
  Time since last request: 7.917390 seconds.
  path: Assets/Low Poly Assets/Materials/Building Sky_small_color01.mat
  artifactKey: Guid(cf528230e5d0dcd42ab2d20dcda96917) Importer(815301076,1909f56bfc062723c751e8b465ee728b)
Start importing Assets/Low Poly Assets/Materials/Building Sky_small_color01.mat using Guid(cf528230e5d0dcd42ab2d20dcda96917) Importer(815301076,1909f56bfc062723c751e8b465ee728b)  -> (artifact id: '95b9c55123e13ec7a1ffe70ceb70aed7') in 0.033441 seconds
Number of updated asset objects reloaded before import = 0
Number of asset objects unloaded after import = 2
========================================================================
Received Import Request.
  Time since last request: 0.000022 seconds.
  path: Assets/Low Poly Assets/Materials/Building_Factory.mat
  artifactKey: Guid(abc266de8c01de040bfa48da3f006d12) Importer(815301076,1909f56bfc062723c751e8b465ee728b)
Start importing Assets/Low Poly Assets/Materials/Building_Factory.mat using Guid(abc266de8c01de040bfa48da3f006d12) Importer(815301076,1909f56bfc062723c751e8b465ee728b)  -> (artifact id: '0b20a22184bb579769603897b46a6d3b') in 0.007636 seconds
Number of updated asset objects reloaded before import = 0
Number of asset objects unloaded after import = 2
========================================================================
Received Import Request.
  Time since last request: 0.000031 seconds.
  path: Assets/Low Poly Assets/Materials/Building_House_01_color01.mat
  artifactKey: Guid(d0b99db790965dc40a437662f169eb57) Importer(815301076,1909f56bfc062723c751e8b465ee728b)
Start importing Assets/Low Poly Assets/Materials/Building_House_01_color01.mat using Guid(d0b99db790965dc40a437662f169eb57) Importer(815301076,1909f56bfc062723c751e8b465ee728b)  -> (artifact id: 'f769febb883cea315674198b48e1e17c') in 0.062579 seconds
Number of updated asset objects reloaded before import = 0
Number of asset objects unloaded after import = 2
========================================================================
Received Import Request.
  Time since last request: 0.000016 seconds.
  path: Assets/Low Poly Assets/Materials/Building_House_03_color03.mat
  artifactKey: Guid(0ee6e621355b5ac4da1102c54fbb63d8) Importer(815301076,1909f56bfc062723c751e8b465ee728b)
Start importing Assets/Low Poly Assets/Materials/Building_House_03_color03.mat using Guid(0ee6e621355b5ac4da1102c54fbb63d8) Importer(815301076,1909f56bfc062723c751e8b465ee728b)  -> (artifact id: '904adbd89cc6457e271bbc3ed789a67c') in 0.005972 seconds
Number of updated asset objects reloaded before import = 0
Number of asset objects unloaded after import = 2
========================================================================
Received Import Request.
  Time since last request: 0.000012 seconds.
  path: Assets/Low Poly Assets/Materials/Building_House_02_color03.mat
  artifactKey: Guid(c622c6f6cb906dd47b5fd1368346e0c8) Importer(815301076,1909f56bfc062723c751e8b465ee728b)
Start importing Assets/Low Poly Assets/Materials/Building_House_02_color03.mat using Guid(c622c6f6cb906dd47b5fd1368346e0c8) Importer(815301076,1909f56bfc062723c751e8b465ee728b)  -> (artifact id: '6bb7170ba8fe290d46084ba58549fe18') in 0.005161 seconds
Number of updated asset objects reloaded before import = 0
Number of asset objects unloaded after import = 2
========================================================================
Received Import Request.
  Time since last request: 0.000017 seconds.
  path: Assets/Low Poly Assets/Materials/Building_House_02_color02.mat
  artifactKey: Guid(b66f907b85259674ca69f1732a632bcd) Importer(815301076,1909f56bfc062723c751e8b465ee728b)
Start importing Assets/Low Poly Assets/Materials/Building_House_02_color02.mat using Guid(b66f907b85259674ca69f1732a632bcd) Importer(815301076,1909f56bfc062723c751e8b465ee728b)  -> (artifact id: 'e5df5fe21810adcc2c9c94f2bd89f6e9') in 0.005366 seconds
Number of updated asset objects reloaded before import = 0
Number of asset objects unloaded after import = 2
========================================================================
Received Import Request.
  Time since last request: 0.000023 seconds.
  path: Assets/Low Poly Assets/Materials/Building_House_03_color02.mat
  artifactKey: Guid(759ae00b1dd8b674794d18b46f674c55) Importer(815301076,1909f56bfc062723c751e8b465ee728b)
Start importing Assets/Low Poly Assets/Materials/Building_House_03_color02.mat using Guid(759ae00b1dd8b674794d18b46f674c55) Importer(815301076,1909f56bfc062723c751e8b465ee728b)  -> (artifact id: '20d371097a2d9dee062aa124771dcbc0') in 0.004733 seconds
Number of updated asset objects reloaded before import = 0
Number of asset objects unloaded after import = 2
========================================================================
Received Import Request.
  Time since last request: 0.510765 seconds.
  path: Assets/Low Poly Assets/Models/Building_Bakery.fbx
  artifactKey: Guid(ea9803764c3c1e74b83f6dda1cfa0885) Importer(815301076,1909f56bfc062723c751e8b465ee728b)
Start importing Assets/Low Poly Assets/Models/Building_Bakery.fbx using Guid(ea9803764c3c1e74b83f6dda1cfa0885) Importer(815301076,1909f56bfc062723c751e8b465ee728b)  -> (artifact id: 'b40857bc3572e1bb498e96eca437305e') in 0.010503 seconds
Number of updated asset objects reloaded before import = 0
Number of asset objects unloaded after import = 9
========================================================================
Received Import Request.
  Time since last request: 0.000018 seconds.
  path: Assets/Low Poly Assets/Models/Building_House_03_color01.fbx
  artifactKey: Guid(4290fe0579b63f4429763c6c6d2f242d) Importer(815301076,1909f56bfc062723c751e8b465ee728b)
Start importing Assets/Low Poly Assets/Models/Building_House_03_color01.fbx using Guid(4290fe0579b63f4429763c6c6d2f242d) Importer(815301076,1909f56bfc062723c751e8b465ee728b)  -> (artifact id: '853eb7e47d8f5aaad7478f26599fa2c7') in 0.011927 seconds
Number of updated asset objects reloaded before import = 0
Number of asset objects unloaded after import = 9
========================================================================
Received Import Request.
  Time since last request: 0.000021 seconds.
  path: Assets/Low Poly Assets/Models/Building_Super Market.fbx
  artifactKey: Guid(fad753de86ef7464790653995e61e7c4) Importer(815301076,1909f56bfc062723c751e8b465ee728b)
Start importing Assets/Low Poly Assets/Models/Building_Super Market.fbx using Guid(fad753de86ef7464790653995e61e7c4) Importer(815301076,1909f56bfc062723c751e8b465ee728b)  -> (artifact id: '97220250b5b10024abdd4030ead425fa') in 0.009334 seconds
Number of updated asset objects reloaded before import = 0
Number of asset objects unloaded after import = 9
========================================================================
Received Import Request.
  Time since last request: 0.000020 seconds.
  path: Assets/Low Poly Assets/Models/Building_Drug Store.fbx
  artifactKey: Guid(1860d34e1bb20454eafce0acf664508b) Importer(815301076,1909f56bfc062723c751e8b465ee728b)
Start importing Assets/Low Poly Assets/Models/Building_Drug Store.fbx using Guid(1860d34e1bb20454eafce0acf664508b) Importer(815301076,1909f56bfc062723c751e8b465ee728b)  -> (artifact id: '446dd4c5d93ea6394907348607da868d') in 0.008757 seconds
Number of updated asset objects reloaded before import = 0
Number of asset objects unloaded after import = 9
========================================================================
Received Import Request.
  Time since last request: 0.000022 seconds.
  path: Assets/Low Poly Assets/Models/Building_House_04_color01.fbx
  artifactKey: Guid(600c276288a996744bd73e53635eba4c) Importer(815301076,1909f56bfc062723c751e8b465ee728b)
Start importing Assets/Low Poly Assets/Models/Building_House_04_color01.fbx using Guid(600c276288a996744bd73e53635eba4c) Importer(815301076,1909f56bfc062723c751e8b465ee728b)  -> (artifact id: '9536312f6ab5465f270b12cf6f77d3de') in 0.008286 seconds
Number of updated asset objects reloaded before import = 0
Number of asset objects unloaded after import = 9
========================================================================
Received Import Request.
  Time since last request: 0.000013 seconds.
  path: Assets/Low Poly Assets/Models/Building_Fast Food.fbx
  artifactKey: Guid(4ddf9dbec6534a14a9612193ee06f4d2) Importer(815301076,1909f56bfc062723c751e8b465ee728b)
Start importing Assets/Low Poly Assets/Models/Building_Fast Food.fbx using Guid(4ddf9dbec6534a14a9612193ee06f4d2) Importer(815301076,1909f56bfc062723c751e8b465ee728b)  -> (artifact id: 'f194f15d77c17820bda1b8b01c8d2604') in 0.008140 seconds
Number of updated asset objects reloaded before import = 0
Number of asset objects unloaded after import = 9
========================================================================
Received Import Request.
  Time since last request: 0.000026 seconds.
  path: Assets/Low Poly Assets/Models/Building_Chicken Shop.fbx
  artifactKey: Guid(83f25ee3b9f68a04faad68fee3d27b51) Importer(815301076,1909f56bfc062723c751e8b465ee728b)
Start importing Assets/Low Poly Assets/Models/Building_Chicken Shop.fbx using Guid(83f25ee3b9f68a04faad68fee3d27b51) Importer(815301076,1909f56bfc062723c751e8b465ee728b)  -> (artifact id: 'd3db215887e9a882466285bffb639192') in 0.008458 seconds
Number of updated asset objects reloaded before import = 0
Number of asset objects unloaded after import = 9
========================================================================
Received Import Request.
  Time since last request: 0.000014 seconds.
  path: Assets/Low Poly Assets/Models/Building_Factory.fbx
  artifactKey: Guid(932be02d2912c394786d8ec1d2007f18) Importer(815301076,1909f56bfc062723c751e8b465ee728b)
Start importing Assets/Low Poly Assets/Models/Building_Factory.fbx using Guid(932be02d2912c394786d8ec1d2007f18) Importer(815301076,1909f56bfc062723c751e8b465ee728b)  -> (artifact id: 'e7292f18f00941f60016102f3bee36aa') in 0.010435 seconds
Number of updated asset objects reloaded before import = 0
Number of asset objects unloaded after import = 9
========================================================================
Received Import Request.
  Time since last request: 1.369402 seconds.
  path: Assets/Low Poly Assets/Prefab/Buildings/Building Sky_small_color01.prefab
  artifactKey: Guid(6a690a756dbd65141a09a3ad7fafacc4) Importer(815301076,1909f56bfc062723c751e8b465ee728b)
Start importing Assets/Low Poly Assets/Prefab/Buildings/Building Sky_small_color01.prefab using Guid(6a690a756dbd65141a09a3ad7fafacc4) Importer(815301076,1909f56bfc062723c751e8b465ee728b)  -> (artifact id: '3aa10cab909e49ff6bb08a8fd93c5dbd') in 0.005320 seconds
Number of updated asset objects reloaded before import = 0
Number of asset objects unloaded after import = 9
========================================================================
Received Import Request.
  Time since last request: 0.000013 seconds.
  path: Assets/Low Poly Assets/Prefab/Buildings/Building_Factory.prefab
  artifactKey: Guid(f6674c1362ba984468bc1e71a2323d66) Importer(815301076,1909f56bfc062723c751e8b465ee728b)
Start importing Assets/Low Poly Assets/Prefab/Buildings/Building_Factory.prefab using Guid(f6674c1362ba984468bc1e71a2323d66) Importer(815301076,1909f56bfc062723c751e8b465ee728b)  -> (artifact id: '2eb8924e8779ea346ec99c53709930a4') in 0.005259 seconds
Number of updated asset objects reloaded before import = 0
Number of asset objects unloaded after import = 9
========================================================================
Received Import Request.
  Time since last request: 0.000012 seconds.
  path: Assets/Low Poly Assets/Prefab/Buildings/Building_House_02_color02.prefab
  artifactKey: Guid(8c3b216cc2b6dc04496d15009bc913cd) Importer(815301076,1909f56bfc062723c751e8b465ee728b)
Start importing Assets/Low Poly Assets/Prefab/Buildings/Building_House_02_color02.prefab using Guid(8c3b216cc2b6dc04496d15009bc913cd) Importer(815301076,1909f56bfc062723c751e8b465ee728b)  -> (artifact id: '5d7021a1fa8e0e97cb5743046ce1f1d3') in 0.006760 seconds
Number of updated asset objects reloaded before import = 0
Number of asset objects unloaded after import = 9
========================================================================
Received Import Request.
  Time since last request: 0.000018 seconds.
  path: Assets/Low Poly Assets/Prefab/Buildings/Building_House_03_color01.prefab
  artifactKey: Guid(11c264ca1bac5d74d883c776435fa684) Importer(815301076,1909f56bfc062723c751e8b465ee728b)
Start importing Assets/Low Poly Assets/Prefab/Buildings/Building_House_03_color01.prefab using Guid(11c264ca1bac5d74d883c776435fa684) Importer(815301076,1909f56bfc062723c751e8b465ee728b)  -> (artifact id: 'd467828473da6076a36ee0e985a704c5') in 0.007095 seconds
Number of updated asset objects reloaded before import = 0
Number of asset objects unloaded after import = 9
========================================================================
Received Import Request.
  Time since last request: 0.000017 seconds.
  path: Assets/Low Poly Assets/Prefab/Buildings/Building_House_04_color01.prefab
  artifactKey: Guid(63243ce2fd6113e4384abc2d949cb799) Importer(815301076,1909f56bfc062723c751e8b465ee728b)
Start importing Assets/Low Poly Assets/Prefab/Buildings/Building_House_04_color01.prefab using Guid(63243ce2fd6113e4384abc2d949cb799) Importer(815301076,1909f56bfc062723c751e8b465ee728b)  -> (artifact id: '0440b22f1f0182d690bb7263f2a890c4') in 0.006323 seconds
Number of updated asset objects reloaded before import = 0
Number of asset objects unloaded after import = 9
========================================================================
Received Import Request.
  Time since last request: 0.000016 seconds.
  path: Assets/Low Poly Assets/Prefab/Buildings/Building_House_03_color02.prefab
  artifactKey: Guid(e2ffb9183a7dce445adfb3d2d4d7bfd6) Importer(815301076,1909f56bfc062723c751e8b465ee728b)
Start importing Assets/Low Poly Assets/Prefab/Buildings/Building_House_03_color02.prefab using Guid(e2ffb9183a7dce445adfb3d2d4d7bfd6) Importer(815301076,1909f56bfc062723c751e8b465ee728b)  -> (artifact id: 'a0a039df38db832cc184dc6ff2de9c16') in 0.006194 seconds
Number of updated asset objects reloaded before import = 0
Number of asset objects unloaded after import = 9
========================================================================
Received Import Request.
  Time since last request: 0.000014 seconds.
  path: Assets/Low Poly Assets/Prefab/Buildings/Building_House_02_color03.prefab
  artifactKey: Guid(3a0bc997d3424474696ad8d2e7d684ab) Importer(815301076,1909f56bfc062723c751e8b465ee728b)
Start importing Assets/Low Poly Assets/Prefab/Buildings/Building_House_02_color03.prefab using Guid(3a0bc997d3424474696ad8d2e7d684ab) Importer(815301076,1909f56bfc062723c751e8b465ee728b)  -> (artifact id: '8eb05b683483c1fe0cfccb28e07066f2') in 0.005438 seconds
Number of updated asset objects reloaded before import = 0
Number of asset objects unloaded after import = 9
========================================================================
Received Import Request.
  Time since last request: 0.000018 seconds.
  path: Assets/Low Poly Assets/Prefab/Buildings/Building_Auto Service.prefab
  artifactKey: Guid(121f662ea65e2cf40a50c66470757a9e) Importer(815301076,1909f56bfc062723c751e8b465ee728b)
Start importing Assets/Low Poly Assets/Prefab/Buildings/Building_Auto Service.prefab using Guid(121f662ea65e2cf40a50c66470757a9e) Importer(815301076,1909f56bfc062723c751e8b465ee728b)  -> (artifact id: '459c0dcb00cade01fabf43ec1aa3e2f2') in 0.006386 seconds
Number of updated asset objects reloaded before import = 0
Number of asset objects unloaded after import = 9
========================================================================
Received Prepare
Begin MonoManager ReloadAssembly
- Loaded All Assemblies, in  0.406 seconds
Refreshing native plugins compatible for Editor in 1.76 ms, found 3 plugins.
Native extension for WindowsStandalone target not found
Mono: successfully reloaded assembly
- Finished resetting the current domain, in  0.828 seconds
Domain Reload Profiling: 1234ms
	BeginReloadAssembly (152ms)
		ExecutionOrderSort (0ms)
		DisableScriptedObjects (4ms)
		BackupInstance (0ms)
		ReleaseScriptingObjects (0ms)
		CreateAndSetChildDomain (39ms)
	RebuildCommonClasses (33ms)
	RebuildNativeTypeToScriptingClass (12ms)
	initialDomainReloadingComplete (22ms)
	LoadAllAssembliesAndSetupDomain (187ms)
		LoadAssemblies (254ms)
		RebuildTransferFunctionScriptingTraits (0ms)
		AnalyzeDomain (15ms)
			TypeCache.Refresh (10ms)
				TypeCache.ScanAssembly (0ms)
			ScanForSourceGeneratedMonoScriptInfo (0ms)
			ResolveRequiredComponents (4ms)
	FinalizeReload (828ms)
		ReleaseScriptCaches (0ms)
		RebuildScriptCaches (0ms)
		SetupLoadedEditorAssemblies (499ms)
			LogAssemblyErrors (0ms)
			InitializePlatformSupportModulesInManaged (6ms)
			SetLoadedEditorAssemblies (3ms)
			RefreshPlugins (0ms)
			BeforeProcessingInitializeOnLoad (46ms)
			ProcessInitializeOnLoadAttributes (419ms)
			ProcessInitializeOnLoadMethodAttributes (22ms)
			AfterProcessingInitializeOnLoad (3ms)
			EditorAssembliesLoaded (0ms)
		ExecutionOrderSort2 (0ms)
		AwakeInstancesAfterBackupRestoration (6ms)
Refreshing native plugins compatible for Editor in 2.00 ms, found 3 plugins.
Preloading 0 native plugins for Editor in 0.00 ms.
Unloading 3119 Unused Serialized files (Serialized files now loaded: 0)
Unloading 20 unused Assets / (30.3 KB). Loaded Objects now: 3637.
Memory consumption went from 133.3 MB to 133.3 MB.
Total: 3.128800 ms (FindLiveObjects: 0.390400 ms CreateObjectMapping: 0.306200 ms MarkObjects: 2.394300 ms  DeleteObjects: 0.037200 ms)

Prepare: number of updated asset objects reloaded= 0
AssetImportParameters requested are different than current active one (requested -> active):
  custom:container-demuxer-ogg: 62fdf1f143b41e24485cea50d1cbac27 -> 
  custom:video-decoder-ogg-theora: a1e56fd34408186e4bbccfd4996cb3dc -> 
  custom:framework-win-MediaFoundation: 216162199b28c13a410421893ffa2e32 -> 
  custom:CustomObjectIndexerAttribute: 756ad292c208cfabdd7b50bc23989ffe -> 
  custom:container-demuxer-webm: 4f35f7cbe854078d1ac9338744f61a02 -> 
  custom:container-muxer-webm: aa71ff27fc2769a1b78a27578f13a17b -> 
  custom:video-decoder-webm-vp8: 9c59270c3fd7afecdb556c50c9e8de78 -> 
  custom:SearchIndexIgnoredProperties: e643bd26f0fe6173181afceb89e7c659 -> 
  custom:AudioImporter_EditorPlatform: d09bf68614088b80899f8185d706f6e7 -> 
  custom:video-encoder-webm-vp8: eb34c28f22e8b96e1ab97ce403110664 -> 
  custom:audio-decoder-ogg-vorbis: bf7c407c2cedff20999df2af8eb42d56 -> 
  custom:audio-encoder-webm-vorbis: bf7c407c2cedff20999df2af8eb42d56 -> 
========================================================================
Received Prepare
Begin MonoManager ReloadAssembly
- Loaded All Assemblies, in  0.412 seconds
Refreshing native plugins compatible for Editor in 1.91 ms, found 3 plugins.
Native extension for WindowsStandalone target not found
Mono: successfully reloaded assembly
- Finished resetting the current domain, in  0.799 seconds
Domain Reload Profiling: 1211ms
	BeginReloadAssembly (158ms)
		ExecutionOrderSort (0ms)
		DisableScriptedObjects (5ms)
		BackupInstance (0ms)
		ReleaseScriptingObjects (0ms)
		CreateAndSetChildDomain (36ms)
	RebuildCommonClasses (29ms)
	RebuildNativeTypeToScriptingClass (10ms)
	initialDomainReloadingComplete (23ms)
	LoadAllAssembliesAndSetupDomain (192ms)
		LoadAssemblies (263ms)
		RebuildTransferFunctionScriptingTraits (0ms)
		AnalyzeDomain (19ms)
			TypeCache.Refresh (14ms)
				TypeCache.ScanAssembly (0ms)
			ScanForSourceGeneratedMonoScriptInfo (0ms)
			ResolveRequiredComponents (4ms)
	FinalizeReload (799ms)
		ReleaseScriptCaches (0ms)
		RebuildScriptCaches (0ms)
		SetupLoadedEditorAssemblies (477ms)
			LogAssemblyErrors (0ms)
			InitializePlatformSupportModulesInManaged (4ms)
			SetLoadedEditorAssemblies (3ms)
			RefreshPlugins (0ms)
			BeforeProcessingInitializeOnLoad (47ms)
			ProcessInitializeOnLoadAttributes (396ms)
			ProcessInitializeOnLoadMethodAttributes (22ms)
			AfterProcessingInitializeOnLoad (4ms)
			EditorAssembliesLoaded (0ms)
		ExecutionOrderSort2 (0ms)
		AwakeInstancesAfterBackupRestoration (7ms)
Refreshing native plugins compatible for Editor in 1.78 ms, found 3 plugins.
Preloading 0 native plugins for Editor in 0.00 ms.
Unloading 3119 Unused Serialized files (Serialized files now loaded: 0)
Unloading 20 unused Assets / (30.2 KB). Loaded Objects now: 3640.
Memory consumption went from 135.2 MB to 135.2 MB.
Total: 3.458000 ms (FindLiveObjects: 0.303700 ms CreateObjectMapping: 0.300800 ms MarkObjects: 2.810600 ms  DeleteObjects: 0.042200 ms)

Prepare: number of updated asset objects reloaded= 0
AssetImportParameters requested are different than current active one (requested -> active):
  custom:container-demuxer-ogg: 62fdf1f143b41e24485cea50d1cbac27 -> 
  custom:video-decoder-ogg-theora: a1e56fd34408186e4bbccfd4996cb3dc -> 
  custom:framework-win-MediaFoundation: 216162199b28c13a410421893ffa2e32 -> 
  custom:CustomObjectIndexerAttribute: 756ad292c208cfabdd7b50bc23989ffe -> 
  custom:container-demuxer-webm: 4f35f7cbe854078d1ac9338744f61a02 -> 
  custom:container-muxer-webm: aa71ff27fc2769a1b78a27578f13a17b -> 
  custom:video-decoder-webm-vp8: 9c59270c3fd7afecdb556c50c9e8de78 -> 
  custom:SearchIndexIgnoredProperties: e643bd26f0fe6173181afceb89e7c659 -> 
  custom:AudioImporter_EditorPlatform: d09bf68614088b80899f8185d706f6e7 -> 
  custom:video-encoder-webm-vp8: eb34c28f22e8b96e1ab97ce403110664 -> 
  custom:audio-decoder-ogg-vorbis: bf7c407c2cedff20999df2af8eb42d56 -> 
  custom:audio-encoder-webm-vorbis: bf7c407c2cedff20999df2af8eb42d56 -> 
========================================================================
Received Import Request.
  Time since last request: 250.286256 seconds.
  path: Assets/Sounds/Pause Button Sound.mp3
  artifactKey: Guid(e3b58c70c956bfd40aa047a1f6d8c119) Importer(815301076,1909f56bfc062723c751e8b465ee728b)
Start importing Assets/Sounds/Pause Button Sound.mp3 using Guid(e3b58c70c956bfd40aa047a1f6d8c119) Importer(815301076,1909f56bfc062723c751e8b465ee728b)  -> (artifact id: '62c2ca4b95667a0b0487086dd3a1f4f1') in 0.067081 seconds
Number of updated asset objects reloaded before import = 0
Number of asset objects unloaded after import = 2
========================================================================
Received Import Request.
  Time since last request: 0.000021 seconds.
  path: Assets/Sounds/Transition Sound.mp3
  artifactKey: Guid(1f9d87897b78a2246af456b8a76f25a6) Importer(815301076,1909f56bfc062723c751e8b465ee728b)
Start importing Assets/Sounds/Transition Sound.mp3 using Guid(1f9d87897b78a2246af456b8a76f25a6) Importer(815301076,1909f56bfc062723c751e8b465ee728b)  -> (artifact id: '163eb090e152ecf3f13a85d66ac17216') in 0.006286 seconds
Number of updated asset objects reloaded before import = 0
Number of asset objects unloaded after import = 2
========================================================================
Received Import Request.
  Time since last request: 2.227072 seconds.
  path: Assets/Sprites/Game_Scenery.jpg
  artifactKey: Guid(b9b628d14d7af5a49bc56f1fd1b9211b) Importer(815301076,1909f56bfc062723c751e8b465ee728b)
Start importing Assets/Sprites/Game_Scenery.jpg using Guid(b9b628d14d7af5a49bc56f1fd1b9211b) Importer(815301076,1909f56bfc062723c751e8b465ee728b)  -> (artifact id: '1d4086219f4c688e90b5bd18d3fae093') in 0.019976 seconds
Number of updated asset objects reloaded before import = 0
Number of asset objects unloaded after import = 2
========================================================================
Received Prepare
Begin MonoManager ReloadAssembly
- Loaded All Assemblies, in  0.381 seconds
Refreshing native plugins compatible for Editor in 1.72 ms, found 3 plugins.
Native extension for WindowsStandalone target not found
Mono: successfully reloaded assembly
- Finished resetting the current domain, in  0.780 seconds
Domain Reload Profiling: 1160ms
	BeginReloadAssembly (142ms)
		ExecutionOrderSort (0ms)
		DisableScriptedObjects (5ms)
		BackupInstance (0ms)
		ReleaseScriptingObjects (0ms)
		CreateAndSetChildDomain (35ms)
	RebuildCommonClasses (30ms)
	RebuildNativeTypeToScriptingClass (10ms)
	initialDomainReloadingComplete (32ms)
	LoadAllAssembliesAndSetupDomain (167ms)
		LoadAssemblies (231ms)
		RebuildTransferFunctionScriptingTraits (0ms)
		AnalyzeDomain (12ms)
			TypeCache.Refresh (7ms)
				TypeCache.ScanAssembly (0ms)
			ScanForSourceGeneratedMonoScriptInfo (0ms)
			ResolveRequiredComponents (4ms)
	FinalizeReload (780ms)
		ReleaseScriptCaches (0ms)
		RebuildScriptCaches (0ms)
		SetupLoadedEditorAssemblies (468ms)
			LogAssemblyErrors (0ms)
			InitializePlatformSupportModulesInManaged (5ms)
			SetLoadedEditorAssemblies (4ms)
			RefreshPlugins (0ms)
			BeforeProcessingInitializeOnLoad (48ms)
			ProcessInitializeOnLoadAttributes (389ms)
			ProcessInitializeOnLoadMethodAttributes (19ms)
			AfterProcessingInitializeOnLoad (4ms)
			EditorAssembliesLoaded (0ms)
		ExecutionOrderSort2 (0ms)
		AwakeInstancesAfterBackupRestoration (6ms)
Refreshing native plugins compatible for Editor in 1.91 ms, found 3 plugins.
Preloading 0 native plugins for Editor in 0.00 ms.
Unloading 3119 Unused Serialized files (Serialized files now loaded: 0)
Unloading 20 unused Assets / (30.2 KB). Loaded Objects now: 3647.
Memory consumption went from 137.2 MB to 137.2 MB.
Total: 3.074500 ms (FindLiveObjects: 0.337400 ms CreateObjectMapping: 0.248100 ms MarkObjects: 2.445600 ms  DeleteObjects: 0.042700 ms)

Prepare: number of updated asset objects reloaded= 0
AssetImportParameters requested are different than current active one (requested -> active):
  custom:container-demuxer-ogg: 62fdf1f143b41e24485cea50d1cbac27 -> 
  custom:video-decoder-ogg-theora: a1e56fd34408186e4bbccfd4996cb3dc -> 
  custom:framework-win-MediaFoundation: 216162199b28c13a410421893ffa2e32 -> 
  custom:CustomObjectIndexerAttribute: 756ad292c208cfabdd7b50bc23989ffe -> 
  custom:container-demuxer-webm: 4f35f7cbe854078d1ac9338744f61a02 -> 
  custom:container-muxer-webm: aa71ff27fc2769a1b78a27578f13a17b -> 
  custom:video-decoder-webm-vp8: 9c59270c3fd7afecdb556c50c9e8de78 -> 
  custom:SearchIndexIgnoredProperties: e643bd26f0fe6173181afceb89e7c659 -> 
  custom:AudioImporter_EditorPlatform: d09bf68614088b80899f8185d706f6e7 -> 
  custom:video-encoder-webm-vp8: eb34c28f22e8b96e1ab97ce403110664 -> 
  custom:audio-decoder-ogg-vorbis: bf7c407c2cedff20999df2af8eb42d56 -> 
  custom:audio-encoder-webm-vorbis: bf7c407c2cedff20999df2af8eb42d56 -> 
Editor requested this worker to shutdown with reason: Scaling down because of idle timeout
TcpMessagingSession - receive error: operation aborted. errorcode: 995, details: 스레드 종료 또는 응용 프로그램 요청 때문에 I/O 작업이 취소되었습니다.
AssetImportWorker is now disconnected from the server
Process exiting
Exiting without the bug reporter. Application will terminate with return code 0